app/build/intermediates/manifest_merge_blame_file/debug/manifest-merger-blame-debug-report.txt
1<?xml version="1.0" encoding="utf-8"?>
2<manifest xmlns:android="http://schemas.android.com/apk/res/android"
3    package="com.kaliki.browser.debug"
4    android:versionCode="1"
5    android:versionName="1.0.0" >
6
7    <uses-sdk
8        android:minSdkVersion="24"
9        android:targetSdkVersion="34" />
10
11    <!-- Required for browsing -->
12    <uses-permission android:name="android.permission.INTERNET" />
12-->src/main/AndroidManifest.xml:6:5-67
12-->src/main/AndroidManifest.xml:6:22-64
13    <uses-permission android:name="android.permission.ACCESS_NETWORK_STATE" />
13-->src/main/AndroidManifest.xml:7:5-79
13-->src/main/AndroidManifest.xml:7:22-76
14
15    <!-- Downloads -->
16    <uses-permission
16-->src/main/AndroidManifest.xml:10:5-11:38
17        android:name="android.permission.WRITE_EXTERNAL_STORAGE"
17-->src/main/AndroidManifest.xml:10:22-78
18        android:maxSdkVersion="28" />
18-->src/main/AndroidManifest.xml:11:9-35
19
20    <!-- Notifications for downloads -->
21    <uses-permission android:name="android.permission.POST_NOTIFICATIONS" />
21-->src/main/AndroidManifest.xml:14:5-77
21-->src/main/AndroidManifest.xml:14:22-74
22
23    <!-- WebView may request these - declared but asked at runtime -->
24    <uses-permission android:name="android.permission.CAMERA" />
24-->src/main/AndroidManifest.xml:17:5-65
24-->src/main/AndroidManifest.xml:17:22-62
25    <uses-permission android:name="android.permission.RECORD_AUDIO" />
25-->src/main/AndroidManifest.xml:18:5-71
25-->src/main/AndroidManifest.xml:18:22-68
26    <uses-permission android:name="android.permission.ACCESS_FINE_LOCATION" />
26-->src/main/AndroidManifest.xml:19:5-79
26-->src/main/AndroidManifest.xml:19:22-76
27    <uses-permission android:name="android.permission.ACCESS_COARSE_LOCATION" />
27-->src/main/AndroidManifest.xml:20:5-81
27-->src/main/AndroidManifest.xml:20:22-78
28
29    <!-- Not required by default -->
30    <uses-feature
30-->src/main/AndroidManifest.xml:23:5-85
31        android:name="android.hardware.camera"
31-->src/main/AndroidManifest.xml:23:19-57
32        android:required="false" />
32-->src/main/AndroidManifest.xml:23:58-82
33    <uses-feature
33-->src/main/AndroidManifest.xml:24:5-89
34        android:name="android.hardware.microphone"
34-->src/main/AndroidManifest.xml:24:19-61
35        android:required="false" />
35-->src/main/AndroidManifest.xml:24:62-86
36    <uses-feature
36-->src/main/AndroidManifest.xml:25:5-87
37        android:name="android.hardware.location"
37-->src/main/AndroidManifest.xml:25:19-59
38        android:required="false" />
38-->src/main/AndroidManifest.xml:25:60-84
39
40    <uses-permission android:name="com.google.android.gms.permission.AD_ID" />
40-->[com.google.android.gms:play-services-ads-lite:23.0.0] AndroidManifest.xml:26:5-79
40-->[com.google.android.gms:play-services-ads-lite:23.0.0] AndroidManifest.xml:26:22-76
41    <uses-permission android:name="android.permission.ACCESS_ADSERVICES_AD_ID" />
41-->[com.google.android.gms:play-services-ads-lite:23.0.0] AndroidManifest.xml:27:5-82
41-->[com.google.android.gms:play-services-ads-lite:23.0.0] AndroidManifest.xml:27:22-79
42    <uses-permission android:name="android.permission.ACCESS_ADSERVICES_ATTRIBUTION" />
42-->[com.google.android.gms:play-services-ads-lite:23.0.0] AndroidManifest.xml:28:5-88
42-->[com.google.android.gms:play-services-ads-lite:23.0.0] AndroidManifest.xml:28:22-85
43    <uses-permission android:name="android.permission.ACCESS_ADSERVICES_TOPICS" /> <!-- Android package visibility setting -->
43-->[com.google.android.gms:play-services-ads-lite:23.0.0] AndroidManifest.xml:29:5-83
43-->[com.google.android.gms:play-services-ads-lite:23.0.0] AndroidManifest.xml:29:22-80
44    <queries>
44-->[com.google.android.gms:play-services-ads-lite:23.0.0] AndroidManifest.xml:35:5-51:15
45
46        <!-- For browser content -->
47        <intent>
47-->[com.google.android.gms:play-services-ads-lite:23.0.0] AndroidManifest.xml:38:9-44:18
48            <action android:name="android.intent.action.VIEW" />
48-->src/main/AndroidManifest.xml:64:17-69
48-->src/main/AndroidManifest.xml:64:25-66
49
50            <category android:name="android.intent.category.BROWSABLE" />
50-->src/main/AndroidManifest.xml:66:17-78
50-->src/main/AndroidManifest.xml:66:27-75
51
52            <data android:scheme="https" />
52-->src/main/AndroidManifest.xml:67:17-47
52-->src/main/AndroidManifest.xml:67:23-44
53        </intent>
54        <!-- End of browser content -->
55        <!-- For CustomTabsService -->
56        <intent>
56-->[com.google.android.gms:play-services-ads-lite:23.0.0] AndroidManifest.xml:47:9-49:18
57            <action android:name="android.support.customtabs.action.CustomTabsService" />
57-->[com.google.android.gms:play-services-ads-lite:23.0.0] AndroidManifest.xml:48:13-90
57-->[com.google.android.gms:play-services-ads-lite:23.0.0] AndroidManifest.xml:48:21-87
58        </intent>
59        <!-- End of CustomTabsService -->
60    </queries>
61
62    <uses-permission android:name="android.permission.WAKE_LOCK" />
62-->[com.google.android.gms:play-services-measurement-sdk-api:20.1.2] AndroidManifest.xml:25:5-68
62-->[com.google.android.gms:play-services-measurement-sdk-api:20.1.2] AndroidManifest.xml:25:22-65
63    <uses-permission android:name="android.permission.FOREGROUND_SERVICE" />
63-->[androidx.work:work-runtime:2.7.0] AndroidManifest.xml:28:5-77
63-->[androidx.work:work-runtime:2.7.0] AndroidManifest.xml:28:22-74
64
65    <permission
65-->[androidx.core:core:1.12.0] AndroidManifest.xml:22:5-24:47
66        android:name="com.kaliki.browser.debug.DYNAMIC_RECEIVER_NOT_EXPORTED_PERMISSION"
66-->[androidx.core:core:1.12.0] AndroidManifest.xml:23:9-81
67        android:protectionLevel="signature" />
67-->[androidx.core:core:1.12.0] AndroidManifest.xml:24:9-44
68
69    <uses-permission android:name="com.kaliki.browser.debug.DYNAMIC_RECEIVER_NOT_EXPORTED_PERMISSION" />
69-->[androidx.core:core:1.12.0] AndroidManifest.xml:26:5-97
69-->[androidx.core:core:1.12.0] AndroidManifest.xml:26:22-94
70
71    <application
71-->src/main/AndroidManifest.xml:27:5-87:19
72        android:allowBackup="true"
72-->src/main/AndroidManifest.xml:28:9-35
73        android:appComponentFactory="androidx.core.app.CoreComponentFactory"
73-->[androidx.core:core:1.12.0] AndroidManifest.xml:28:18-86
74        android:debuggable="true"
75        android:extractNativeLibs="false"
76        android:hardwareAccelerated="true"
76-->src/main/AndroidManifest.xml:35:9-43
77        android:icon="@mipmap/ic_launcher"
77-->src/main/AndroidManifest.xml:29:9-43
78        android:label="@string/app_name"
78-->src/main/AndroidManifest.xml:31:9-41
79        android:networkSecurityConfig="@xml/network_security_config"
79-->src/main/AndroidManifest.xml:34:9-69
80        android:roundIcon="@mipmap/ic_launcher_round"
80-->src/main/AndroidManifest.xml:30:9-54
81        android:supportsRtl="true"
81-->src/main/AndroidManifest.xml:32:9-35
82        android:theme="@style/Theme.KalikiBrowser" >
82-->src/main/AndroidManifest.xml:33:9-51
83
84        <!-- AdMob -->
85        <meta-data
85-->src/main/AndroidManifest.xml:39:9-41:70
86            android:name="com.google.android.gms.ads.APPLICATION_ID"
86-->src/main/AndroidManifest.xml:40:13-69
87            android:value="ca-app-pub-6027286420304821~3031968964" />
87-->src/main/AndroidManifest.xml:41:13-67
88
89        <!-- Required for Google Play data safety - declare no personal data collected -->
90        <meta-data
90-->src/main/AndroidManifest.xml:44:9-46:36
91            android:name="com.google.android.gms.ads.flag.OPTIMIZE_INITIALIZATION"
91-->src/main/AndroidManifest.xml:45:13-83
92            android:value="true" />
92-->src/main/AndroidManifest.xml:46:13-33
93        <meta-data
93-->src/main/AndroidManifest.xml:47:9-49:36
94            android:name="com.google.android.gms.ads.flag.OPTIMIZE_AD_LOADING"
94-->src/main/AndroidManifest.xml:48:13-79
95            android:value="true" />
95-->src/main/AndroidManifest.xml:49:13-33
96
97        <activity
97-->src/main/AndroidManifest.xml:51:9-70:20
98            android:name="com.kaliki.browser.activities.MainActivity"
98-->src/main/AndroidManifest.xml:52:13-52
99            android:configChanges="orientation|screenSize|keyboard|keyboardHidden|screenLayout|smallestScreenSize"
99-->src/main/AndroidManifest.xml:55:13-115
100            android:exported="true"
100-->src/main/AndroidManifest.xml:53:13-36
101            android:launchMode="singleTask"
101-->src/main/AndroidManifest.xml:54:13-44
102            android:windowSoftInputMode="adjustResize" >
102-->src/main/AndroidManifest.xml:56:13-55
103            <intent-filter>
103-->src/main/AndroidManifest.xml:58:13-61:29
104                <action android:name="android.intent.action.MAIN" />
104-->src/main/AndroidManifest.xml:59:17-69
104-->src/main/AndroidManifest.xml:59:25-66
105
106                <category android:name="android.intent.category.LAUNCHER" />
106-->src/main/AndroidManifest.xml:60:17-77
106-->src/main/AndroidManifest.xml:60:27-74
107            </intent-filter>
108            <intent-filter>
108-->src/main/AndroidManifest.xml:63:13-69:29
109                <action android:name="android.intent.action.VIEW" />
109-->src/main/AndroidManifest.xml:64:17-69
109-->src/main/AndroidManifest.xml:64:25-66
110
111                <category android:name="android.intent.category.DEFAULT" />
111-->src/main/AndroidManifest.xml:65:17-76
111-->src/main/AndroidManifest.xml:65:27-73
112                <category android:name="android.intent.category.BROWSABLE" />
112-->src/main/AndroidManifest.xml:66:17-78
112-->src/main/AndroidManifest.xml:66:27-75
113
114                <data android:scheme="http" />
114-->src/main/AndroidManifest.xml:67:17-47
114-->src/main/AndroidManifest.xml:67:23-44
115                <data android:scheme="https" />
115-->src/main/AndroidManifest.xml:67:17-47
115-->src/main/AndroidManifest.xml:67:23-44
116            </intent-filter>
117        </activity>
118        <activity
118-->src/main/AndroidManifest.xml:72:9-75:58
119            android:name="com.kaliki.browser.activities.SettingsActivity"
119-->src/main/AndroidManifest.xml:73:13-56
120            android:exported="false"
120-->src/main/AndroidManifest.xml:74:13-37
121            android:theme="@style/Theme.KalikiBrowser" />
121-->src/main/AndroidManifest.xml:75:13-55
122
123        <provider
124            android:name="androidx.core.content.FileProvider"
124-->src/main/AndroidManifest.xml:78:13-62
125            android:authorities="com.kaliki.browser.debug.fileprovider"
125-->src/main/AndroidManifest.xml:79:13-64
126            android:exported="false"
126-->src/main/AndroidManifest.xml:80:13-37
127            android:grantUriPermissions="true" >
127-->src/main/AndroidManifest.xml:81:13-47
128            <meta-data
128-->src/main/AndroidManifest.xml:82:13-84:54
129                android:name="android.support.FILE_PROVIDER_PATHS"
129-->src/main/AndroidManifest.xml:83:17-67
130                android:resource="@xml/file_paths" />
130-->src/main/AndroidManifest.xml:84:17-51
131        </provider>
132        <provider
132-->[androidx.emoji2:emoji2:1.2.0] AndroidManifest.xml:24:9-32:20
133            android:name="androidx.startup.InitializationProvider"
133-->[androidx.emoji2:emoji2:1.2.0] AndroidManifest.xml:25:13-67
134            android:authorities="com.kaliki.browser.debug.androidx-startup"
134-->[androidx.emoji2:emoji2:1.2.0] AndroidManifest.xml:26:13-68
135            android:exported="false" >
135-->[androidx.emoji2:emoji2:1.2.0] AndroidManifest.xml:27:13-37
136            <meta-data
136-->[androidx.emoji2:emoji2:1.2.0] AndroidManifest.xml:29:13-31:52
137                android:name="androidx.emoji2.text.EmojiCompatInitializer"
137-->[androidx.emoji2:emoji2:1.2.0] AndroidManifest.xml:30:17-75
138                android:value="androidx.startup" />
138-->[androidx.emoji2:emoji2:1.2.0] AndroidManifest.xml:31:17-49
139            <meta-data
139-->[androidx.work:work-runtime:2.7.0] AndroidManifest.xml:36:13-38:52
140                android:name="androidx.work.WorkManagerInitializer"
140-->[androidx.work:work-runtime:2.7.0] AndroidManifest.xml:37:17-68
141                android:value="androidx.startup" />
141-->[androidx.work:work-runtime:2.7.0] AndroidManifest.xml:38:17-49
142            <meta-data
142-->[androidx.lifecycle:lifecycle-process:2.7.0] AndroidManifest.xml:29:13-31:52
143                android:name="androidx.lifecycle.ProcessLifecycleInitializer"
143-->[androidx.lifecycle:lifecycle-process:2.7.0] AndroidManifest.xml:30:17-78
144                android:value="androidx.startup" />
144-->[androidx.lifecycle:lifecycle-process:2.7.0] AndroidManifest.xml:31:17-49
145            <meta-data
145-->[androidx.profileinstaller:profileinstaller:1.3.0] AndroidManifest.xml:29:13-31:52
146                android:name="androidx.profileinstaller.ProfileInstallerInitializer"
146-->[androidx.profileinstaller:profileinstaller:1.3.0] AndroidManifest.xml:30:17-85
147                android:value="androidx.startup" />
147-->[androidx.profileinstaller:profileinstaller:1.3.0] AndroidManifest.xml:31:17-49
148        </provider> <!-- Include the AdActivity and InAppPurchaseActivity configChanges and themes. -->
149        <activity
149-->[com.google.android.gms:play-services-ads-lite:23.0.0] AndroidManifest.xml:56:9-61:43
150            android:name="com.google.android.gms.ads.AdActivity"
150-->[com.google.android.gms:play-services-ads-lite:23.0.0] AndroidManifest.xml:57:13-65
151            android:configChanges="keyboard|keyboardHidden|orientation|screenLayout|uiMode|screenSize|smallestScreenSize"
151-->[com.google.android.gms:play-services-ads-lite:23.0.0] AndroidManifest.xml:58:13-122
152            android:exported="false"
152-->[com.google.android.gms:play-services-ads-lite:23.0.0] AndroidManifest.xml:59:13-37
153            android:theme="@android:style/Theme.Translucent" />
153-->[com.google.android.gms:play-services-ads-lite:23.0.0] AndroidManifest.xml:60:13-61
154
155        <provider
155-->[com.google.android.gms:play-services-ads-lite:23.0.0] AndroidManifest.xml:63:9-68:43
156            android:name="com.google.android.gms.ads.MobileAdsInitProvider"
156-->[com.google.android.gms:play-services-ads-lite:23.0.0] AndroidManifest.xml:64:13-76
157            android:authorities="com.kaliki.browser.debug.mobileadsinitprovider"
157-->[com.google.android.gms:play-services-ads-lite:23.0.0] AndroidManifest.xml:65:13-73
158            android:exported="false"
158-->[com.google.android.gms:play-services-ads-lite:23.0.0] AndroidManifest.xml:66:13-37
159            android:initOrder="100" />
159-->[com.google.android.gms:play-services-ads-lite:23.0.0] AndroidManifest.xml:67:13-36
160
161        <service
161-->[com.google.android.gms:play-services-ads-lite:23.0.0] AndroidManifest.xml:70:9-74:43
162            android:name="com.google.android.gms.ads.AdService"
162-->[com.google.android.gms:play-services-ads-lite:23.0.0] AndroidManifest.xml:71:13-64
163            android:enabled="true"
163-->[com.google.android.gms:play-services-ads-lite:23.0.0] AndroidManifest.xml:72:13-35
164            android:exported="false" />
164-->[com.google.android.gms:play-services-ads-lite:23.0.0] AndroidManifest.xml:73:13-37
165
166        <activity
166-->[com.google.android.gms:play-services-ads-lite:23.0.0] AndroidManifest.xml:76:9-80:43
167            android:name="com.google.android.gms.ads.OutOfContextTestingActivity"
167-->[com.google.android.gms:play-services-ads-lite:23.0.0] AndroidManifest.xml:77:13-82
168            android:configChanges="keyboard|keyboardHidden|orientation|screenLayout|uiMode|screenSize|smallestScreenSize"
168-->[com.google.android.gms:play-services-ads-lite:23.0.0] AndroidManifest.xml:78:13-122
169            android:exported="false" />
169-->[com.google.android.gms:play-services-ads-lite:23.0.0] AndroidManifest.xml:79:13-37
170        <activity
170-->[com.google.android.gms:play-services-ads-lite:23.0.0] AndroidManifest.xml:81:9-88:43
171            android:name="com.google.android.gms.ads.NotificationHandlerActivity"
171-->[com.google.android.gms:play-services-ads-lite:23.0.0] AndroidManifest.xml:82:13-82
172            android:excludeFromRecents="true"
172-->[com.google.android.gms:play-services-ads-lite:23.0.0] AndroidManifest.xml:83:13-46
173            android:exported="false"
173-->[com.google.android.gms:play-services-ads-lite:23.0.0] AndroidManifest.xml:84:13-37
174            android:launchMode="singleTask"
174-->[com.google.android.gms:play-services-ads-lite:23.0.0] AndroidManifest.xml:85:13-44
175            android:taskAffinity=""
175-->[com.google.android.gms:play-services-ads-lite:23.0.0] AndroidManifest.xml:86:13-36
176            android:theme="@android:style/Theme.Translucent.NoTitleBar" />
176-->[com.google.android.gms:play-services-ads-lite:23.0.0] AndroidManifest.xml:87:13-72
177
178        <property
178-->[com.google.android.gms:play-services-ads-lite:23.0.0] AndroidManifest.xml:90:9-92:62
179            android:name="android.adservices.AD_SERVICES_CONFIG"
179-->[com.google.android.gms:play-services-ads-lite:23.0.0] AndroidManifest.xml:91:13-65
180            android:resource="@xml/gma_ad_services_config" />
180-->[com.google.android.gms:play-services-ads-lite:23.0.0] AndroidManifest.xml:92:13-59
181
182        <activity
182-->[com.google.android.gms:play-services-base:18.0.0] AndroidManifest.xml:20:9-22:45
183            android:name="com.google.android.gms.common.api.GoogleApiActivity"
183-->[com.google.android.gms:play-services-base:18.0.0] AndroidManifest.xml:20:19-85
184            android:exported="false"
184-->[com.google.android.gms:play-services-base:18.0.0] AndroidManifest.xml:22:19-43
185            android:theme="@android:style/Theme.Translucent.NoTitleBar" />
185-->[com.google.android.gms:play-services-base:18.0.0] AndroidManifest.xml:21:19-78
186
187        <meta-data
187-->[com.google.android.gms:play-services-basement:18.2.0] AndroidManifest.xml:21:9-23:69
188            android:name="com.google.android.gms.version"
188-->[com.google.android.gms:play-services-basement:18.2.0] AndroidManifest.xml:22:13-58
189            android:value="@integer/google_play_services_version" />
189-->[com.google.android.gms:play-services-basement:18.2.0] AndroidManifest.xml:23:13-66
190
191        <service
191-->[androidx.work:work-runtime:2.7.0] AndroidManifest.xml:41:9-46:35
192            android:name="androidx.work.impl.background.systemalarm.SystemAlarmService"
192-->[androidx.work:work-runtime:2.7.0] AndroidManifest.xml:42:13-88
193            android:directBootAware="false"
193-->[androidx.work:work-runtime:2.7.0] AndroidManifest.xml:43:13-44
194            android:enabled="@bool/enable_system_alarm_service_default"
194-->[androidx.work:work-runtime:2.7.0] AndroidManifest.xml:44:13-72
195            android:exported="false" />
195-->[androidx.work:work-runtime:2.7.0] AndroidManifest.xml:45:13-37
196        <service
196-->[androidx.work:work-runtime:2.7.0] AndroidManifest.xml:47:9-53:35
197            android:name="androidx.work.impl.background.systemjob.SystemJobService"
197-->[androidx.work:work-runtime:2.7.0] AndroidManifest.xml:48:13-84
198            android:directBootAware="false"
198-->[androidx.work:work-runtime:2.7.0] AndroidManifest.xml:49:13-44
199            android:enabled="@bool/enable_system_job_service_default"
199-->[androidx.work:work-runtime:2.7.0] AndroidManifest.xml:50:13-70
200            android:exported="true"
200-->[androidx.work:work-runtime:2.7.0] AndroidManifest.xml:51:13-36
201            android:permission="android.permission.BIND_JOB_SERVICE" />
201-->[androidx.work:work-runtime:2.7.0] AndroidManifest.xml:52:13-69
202        <service
202-->[androidx.work:work-runtime:2.7.0] AndroidManifest.xml:54:9-59:35
203            android:name="androidx.work.impl.foreground.SystemForegroundService"
203-->[androidx.work:work-runtime:2.7.0] AndroidManifest.xml:55:13-81
204            android:directBootAware="false"
204-->[androidx.work:work-runtime:2.7.0] AndroidManifest.xml:56:13-44
205            android:enabled="@bool/enable_system_foreground_service_default"
205-->[androidx.work:work-runtime:2.7.0] AndroidManifest.xml:57:13-77
206            android:exported="false" />
206-->[androidx.work:work-runtime:2.7.0] AndroidManifest.xml:58:13-37
207
208        <receiver
208-->[androidx.work:work-runtime:2.7.0] AndroidManifest.xml:61:9-66:35
209            android:name="androidx.work.impl.utils.ForceStopRunnable$BroadcastReceiver"
209-->[androidx.work:work-runtime:2.7.0] AndroidManifest.xml:62:13-88
210            android:directBootAware="false"
210-->[androidx.work:work-runtime:2.7.0] AndroidManifest.xml:63:13-44
211            android:enabled="true"
211-->[androidx.work:work-runtime:2.7.0] AndroidManifest.xml:64:13-35
212            android:exported="false" />
212-->[androidx.work:work-runtime:2.7.0] AndroidManifest.xml:65:13-37
213        <receiver
213-->[androidx.work:work-runtime:2.7.0] AndroidManifest.xml:67:9-77:20
214            android:name="androidx.work.impl.background.systemalarm.ConstraintProxy$BatteryChargingProxy"
214-->[androidx.work:work-runtime:2.7.0] AndroidManifest.xml:68:13-106
215            android:directBootAware="false"
215-->[androidx.work:work-runtime:2.7.0] AndroidManifest.xml:69:13-44
216            android:enabled="false"
216-->[androidx.work:work-runtime:2.7.0] AndroidManifest.xml:70:13-36
217            android:exported="false" >
217-->[androidx.work:work-runtime:2.7.0] AndroidManifest.xml:71:13-37
218            <intent-filter>
218-->[androidx.work:work-runtime:2.7.0] AndroidManifest.xml:73:13-76:29
219                <action android:name="android.intent.action.ACTION_POWER_CONNECTED" />
219-->[androidx.work:work-runtime:2.7.0] AndroidManifest.xml:74:17-87
219-->[androidx.work:work-runtime:2.7.0] AndroidManifest.xml:74:25-84
220                <action android:name="android.intent.action.ACTION_POWER_DISCONNECTED" />
220-->[androidx.work:work-runtime:2.7.0] AndroidManifest.xml:75:17-90
220-->[androidx.work:work-runtime:2.7.0] AndroidManifest.xml:75:25-87
221            </intent-filter>
222        </receiver>
223        <receiver
223-->[androidx.work:work-runtime:2.7.0] AndroidManifest.xml:78:9-88:20
224            android:name="androidx.work.impl.background.systemalarm.ConstraintProxy$BatteryNotLowProxy"
224-->[androidx.work:work-runtime:2.7.0] AndroidManifest.xml:79:13-104
225            android:directBootAware="false"
225-->[androidx.work:work-runtime:2.7.0] AndroidManifest.xml:80:13-44
226            android:enabled="false"
226-->[androidx.work:work-runtime:2.7.0] AndroidManifest.xml:81:13-36
227            android:exported="false" >
227-->[androidx.work:work-runtime:2.7.0] AndroidManifest.xml:82:13-37
228            <intent-filter>
228-->[androidx.work:work-runtime:2.7.0] AndroidManifest.xml:84:13-87:29
229                <action android:name="android.intent.action.BATTERY_OKAY" />
229-->[androidx.work:work-runtime:2.7.0] AndroidManifest.xml:85:17-77
229-->[androidx.work:work-runtime:2.7.0] AndroidManifest.xml:85:25-74
230                <action android:name="android.intent.action.BATTERY_LOW" />
230-->[androidx.work:work-runtime:2.7.0] AndroidManifest.xml:86:17-76
230-->[androidx.work:work-runtime:2.7.0] AndroidManifest.xml:86:25-73
231            </intent-filter>
232        </receiver>
233        <receiver
233-->[androidx.work:work-runtime:2.7.0] AndroidManifest.xml:89:9-99:20
234            android:name="androidx.work.impl.background.systemalarm.ConstraintProxy$StorageNotLowProxy"
234-->[androidx.work:work-runtime:2.7.0] AndroidManifest.xml:90:13-104
235            android:directBootAware="false"
235-->[androidx.work:work-runtime:2.7.0] AndroidManifest.xml:91:13-44
236            android:enabled="false"
236-->[androidx.work:work-runtime:2.7.0] AndroidManifest.xml:92:13-36
237            android:exported="false" >
237-->[androidx.work:work-runtime:2.7.0] AndroidManifest.xml:93:13-37
238            <intent-filter>
238-->[androidx.work:work-runtime:2.7.0] AndroidManifest.xml:95:13-98:29
239                <action android:name="android.intent.action.DEVICE_STORAGE_LOW" />
239-->[androidx.work:work-runtime:2.7.0] AndroidManifest.xml:96:17-83
239-->[androidx.work:work-runtime:2.7.0] AndroidManifest.xml:96:25-80
240                <action android:name="android.intent.action.DEVICE_STORAGE_OK" />
240-->[androidx.work:work-runtime:2.7.0] AndroidManifest.xml:97:17-82
240-->[androidx.work:work-runtime:2.7.0] AndroidManifest.xml:97:25-79
241            </intent-filter>
242        </receiver>
243        <receiver
243-->[androidx.work:work-runtime:2.7.0] AndroidManifest.xml:100:9-109:20
244            android:name="androidx.work.impl.background.systemalarm.ConstraintProxy$NetworkStateProxy"
244-->[androidx.work:work-runtime:2.7.0] AndroidManifest.xml:101:13-103
245            android:directBootAware="false"
245-->[androidx.work:work-runtime:2.7.0] AndroidManifest.xml:102:13-44
246            android:enabled="false"
246-->[androidx.work:work-runtime:2.7.0] AndroidManifest.xml:103:13-36
247            android:exported="false" >
247-->[androidx.work:work-runtime:2.7.0] AndroidManifest.xml:104:13-37
248            <intent-filter>
248-->[androidx.work:work-runtime:2.7.0] AndroidManifest.xml:106:13-108:29
249                <action android:name="android.net.conn.CONNECTIVITY_CHANGE" />
249-->[androidx.work:work-runtime:2.7.0] AndroidManifest.xml:107:17-79
249-->[androidx.work:work-runtime:2.7.0] AndroidManifest.xml:107:25-76
250            </intent-filter>
251        </receiver>
252        <receiver
252-->[androidx.work:work-runtime:2.7.0] AndroidManifest.xml:110:9-121:20
253            android:name="androidx.work.impl.background.systemalarm.RescheduleReceiver"
253-->[androidx.work:work-runtime:2.7.0] AndroidManifest.xml:111:13-88
254            android:directBootAware="false"
254-->[androidx.work:work-runtime:2.7.0] AndroidManifest.xml:112:13-44
255            android:enabled="false"
255-->[androidx.work:work-runtime:2.7.0] AndroidManifest.xml:113:13-36
256            android:exported="false" >
256-->[androidx.work:work-runtime:2.7.0] AndroidManifest.xml:114:13-37
257            <intent-filter>
257-->[androidx.work:work-runtime:2.7.0] AndroidManifest.xml:116:13-120:29
258                <action android:name="android.intent.action.BOOT_COMPLETED" />
258-->[androidx.work:work-runtime:2.7.0] AndroidManifest.xml:117:17-79
258-->[androidx.work:work-runtime:2.7.0] AndroidManifest.xml:117:25-76
259                <action android:name="android.intent.action.TIME_SET" />
259-->[androidx.work:work-runtime:2.7.0] AndroidManifest.xml:118:17-73
259-->[androidx.work:work-runtime:2.7.0] AndroidManifest.xml:118:25-70
260                <action android:name="android.intent.action.TIMEZONE_CHANGED" />
260-->[androidx.work:work-runtime:2.7.0] AndroidManifest.xml:119:17-81
260-->[androidx.work:work-runtime:2.7.0] AndroidManifest.xml:119:25-78
261            </intent-filter>
262        </receiver>
263        <receiver
263-->[androidx.work:work-runtime:2.7.0] AndroidManifest.xml:122:9-131:20
264            android:name="androidx.work.impl.background.systemalarm.ConstraintProxyUpdateReceiver"
264-->[androidx.work:work-runtime:2.7.0] AndroidManifest.xml:123:13-99
265            android:directBootAware="false"
265-->[androidx.work:work-runtime:2.7.0] AndroidManifest.xml:124:13-44
266            android:enabled="@bool/enable_system_alarm_service_default"
266-->[androidx.work:work-runtime:2.7.0] AndroidManifest.xml:125:13-72
267            android:exported="false" >
267-->[androidx.work:work-runtime:2.7.0] AndroidManifest.xml:126:13-37
268            <intent-filter>
268-->[androidx.work:work-runtime:2.7.0] AndroidManifest.xml:128:13-130:29
269                <action android:name="androidx.work.impl.background.systemalarm.UpdateProxies" />
269-->[androidx.work:work-runtime:2.7.0] AndroidManifest.xml:129:17-98
269-->[androidx.work:work-runtime:2.7.0] AndroidManifest.xml:129:25-95
270            </intent-filter>
271        </receiver>
272        <receiver
272-->[androidx.work:work-runtime:2.7.0] AndroidManifest.xml:132:9-142:20
273            android:name="androidx.work.impl.diagnostics.DiagnosticsReceiver"
273-->[androidx.work:work-runtime:2.7.0] AndroidManifest.xml:133:13-78
274            android:directBootAware="false"
274-->[androidx.work:work-runtime:2.7.0] AndroidManifest.xml:134:13-44
275            android:enabled="true"
275-->[androidx.work:work-runtime:2.7.0] AndroidManifest.xml:135:13-35
276            android:exported="true"
276-->[androidx.work:work-runtime:2.7.0] AndroidManifest.xml:136:13-36
277            android:permission="android.permission.DUMP" >
277-->[androidx.work:work-runtime:2.7.0] AndroidManifest.xml:137:13-57
278            <intent-filter>
278-->[androidx.work:work-runtime:2.7.0] AndroidManifest.xml:139:13-141:29
279                <action android:name="androidx.work.diagnostics.REQUEST_DIAGNOSTICS" />
279-->[androidx.work:work-runtime:2.7.0] AndroidManifest.xml:140:17-88
279-->[androidx.work:work-runtime:2.7.0] AndroidManifest.xml:140:25-85
280            </intent-filter>
281        </receiver>
282
283        <uses-library
283-->[androidx.window:window:1.0.0] AndroidManifest.xml:25:9-27:40
284            android:name="androidx.window.extensions"
284-->[androidx.window:window:1.0.0] AndroidManifest.xml:26:13-54
285            android:required="false" />
285-->[androidx.window:window:1.0.0] AndroidManifest.xml:27:13-37
286        <uses-library
286-->[androidx.window:window:1.0.0] AndroidManifest.xml:28:9-30:40
287            android:name="androidx.window.sidecar"
287-->[androidx.window:window:1.0.0] AndroidManifest.xml:29:13-51
288            android:required="false" />
288-->[androidx.window:window:1.0.0] AndroidManifest.xml:30:13-37
289        <uses-library